[debug] [2024-07-21T20:55:13.409Z] ----------------------------------------------------------------------
[debug] [2024-07-21T20:55:13.413Z] Command:       C:\Program Files\nodejs\node.exe C:\Users\Krishna\AppData\Roaming\npm\node_modules\firebase-tools\lib\bin\firebase.js init
[debug] [2024-07-21T20:55:13.414Z] CLI Version:   13.13.3
[debug] [2024-07-21T20:55:13.414Z] Platform:      win32
[debug] [2024-07-21T20:55:13.415Z] Node Version:  v20.12.1
[debug] [2024-07-21T20:55:13.415Z] Time:          Mon Jul 22 2024 02:25:13 GMT+0530 (India Standard Time)
[debug] [2024-07-21T20:55:13.415Z] ----------------------------------------------------------------------
[debug] 
[debug] [2024-07-21T20:55:13.425Z] > command requires scopes: ["email","openid","https://www.googleapis.com/auth/cloudplatformprojects.readonly","https://www.googleapis.com/auth/firebase","https://www.googleapis.com/auth/cloud-platform"]
[debug] [2024-07-21T20:55:13.426Z] > authorizing via signed-in user (krishnapersonal12@gmail.com)
[info] 
     ######## #### ########  ######## ########     ###     ######  ########
     ##        ##  ##     ## ##       ##     ##  ##   ##  ##       ##
     ######    ##  ########  ######   ########  #########  ######  ######
     ##        ##  ##    ##  ##       ##     ## ##     ##       ## ##
     ##       #### ##     ## ######## ########  ##     ##  ######  ########

You're about to initialize a Firebase project in this directory:

  D:\Krishna Coding\Projects\trackfit

[info] 
=== Project Setup
[info] 
[info] First, let's associate this project directory with a Firebase project.
[info] You can create multiple project aliases by running firebase use --add, 
[info] but for now we'll just set up a default project.
[info] 
[debug] [2024-07-21T20:56:52.073Z] >>> [apiv2][query] GET https://firebase.googleapis.com/v1beta1/projects pageSize=100
[debug] [2024-07-21T20:56:53.103Z] <<< [apiv2][status] GET https://firebase.googleapis.com/v1beta1/projects 200
[debug] [2024-07-21T20:56:53.104Z] <<< [apiv2][body] GET https://firebase.googleapis.com/v1beta1/projects [omitted]
[info] i  Using project trackfit-d40ed (TrackFit) 
[info] 
=== Hosting Setup
[debug] [2024-07-21T20:56:55.256Z] >>> [apiv2][query] GET https://firebase.googleapis.com/v1beta1/projects/trackfit-d40ed [none]
[debug] [2024-07-21T20:56:55.586Z] <<< [apiv2][status] GET https://firebase.googleapis.com/v1beta1/projects/trackfit-d40ed 200
[debug] [2024-07-21T20:56:55.587Z] <<< [apiv2][body] GET https://firebase.googleapis.com/v1beta1/projects/trackfit-d40ed {"projectId":"trackfit-d40ed","projectNumber":"556931961517","displayName":"TrackFit","name":"projects/trackfit-d40ed","resources":{"hostingSite":"trackfit-d40ed"},"state":"ACTIVE","etag":"1_b953ff81-c816-4823-9d2b-72606377054a"}
[info] 
[info] Your public directory is the folder (relative to your project directory) that
[info] will contain Hosting assets to be uploaded with firebase deploy. If you
[info] have a build process for your assets, use your build's output directory.
[info] 
